20-07-2016 11:08:59 : mDB : OpenCnn ErrNo : -2147467259 ErrDescript : [Microsoft][ODBC Driver Manager] Data source name not found and no default driver specified : 
20-07-2016 11:09:14 : mDB : OpenCnn ErrNo : -2147467259 ErrDescript : [Microsoft][ODBC Driver Manager] Data source name not found and no default driver specified : 
21-07-2016 13:38:25 : ตรวจพบความผิดพลาด ที่ ฐานข้อมูล : บันทึกรปภาพ ลงฐานข้อมูล เลขที่ Err No : 3002 รายละเอียดข้อผิดพลาด Err Descript : File could not be opened. : 
21-07-2016 13:44:40 : ตรวจพบความผิดพลาด ที่ ฐานข้อมูล : บันทึกรปภาพ ลงฐานข้อมูล เลขที่ Err No : 3002 รายละเอียดข้อผิดพลาด Err Descript : File could not be opened. : 
21-07-2016 13:46:05 : ตรวจพบความผิดพลาด ที่ ฐานข้อมูล : บันทึกรปภาพ ลงฐานข้อมูล เลขที่ Err No : 3002 รายละเอียดข้อผิดพลาด Err Descript : File could not be opened. : 
21-07-2016 13:55:17 : ตรวจพบความผิดพลาด ที่ ฐานข้อมูล : บันทึกรปภาพ ลงฐานข้อมูล เลขที่ Err No : 3002 รายละเอียดข้อผิดพลาด Err Descript : File could not be opened. : 
21-07-2016 13:58:17 : ตรวจพบความผิดพลาด ที่ ฐานข้อมูล : บันทึกรปภาพ ลงฐานข้อมูล เลขที่ Err No : 3002 รายละเอียดข้อผิดพลาด Err Descript : File could not be opened. : 
21-07-2016 13:59:36 : ตรวจพบความผิดพลาด ที่ ฐานข้อมูล : บันทึกรปภาพ ลงฐานข้อมูล เลขที่ Err No : 3002 รายละเอียดข้อผิดพลาด Err Descript : File could not be opened. : 
21-07-2016 14:01:00 : ตรวจพบความผิดพลาด ที่ ฐานข้อมูล : บันทึกรปภาพ ลงฐานข้อมูล เลขที่ Err No : 3002 รายละเอียดข้อผิดพลาด Err Descript : File could not be opened. : 
25-07-2016 11:41:39 : ตรวจพบความผิดพลาด ที่ frmNew_Display_All_Report : Load_Button_New เลขที่ Err No : 13 รายละเอียดข้อผิดพลาด Err Descript : Unable to cast object of type 'System.Byte[]' to type 'System.Drawing.Image'. : 
25-07-2016 11:46:13 : ตรวจพบความผิดพลาด ที่ frmNew_Display_All_Report : Load_Button_New เลขที่ Err No : 13 รายละเอียดข้อผิดพลาด Err Descript : Unable to cast object of type 'System.Byte[]' to type 'System.Drawing.Image'. : 
25-07-2016 11:50:19 : ตรวจพบความผิดพลาด ที่ frmNew_Display_All_Report : Load_Button_New เลขที่ Err No : 13 รายละเอียดข้อผิดพลาด Err Descript : Unable to cast object of type 'System.Byte[]' to type 'System.Drawing.Image'. : 
26-07-2016 11:09:34 : ตรวจพบความผิดพลาด ที่ frmNew_Display_All_Report : Load_Button_Label เลขที่ Err No : 91 รายละเอียดข้อผิดพลาด Err Descript : Object reference not set to an instance of an object. : 
28-07-2016 15:15:21 : mDB : OpenCnn ErrNo : -2147467259 ErrDescript : [Microsoft][ODBC Driver Manager] Data source name not found and no default driver specified : 
28-07-2016 15:15:25 : mDB : OpenCnn ErrNo : -2147467259 ErrDescript : [Microsoft][ODBC Driver Manager] Data source name not found and no default driver specified : 
28-07-2016 15:15:46 : mDB : OpenCnn ErrNo : -2147467259 ErrDescript : [Microsoft][ODBC Driver Manager] Data source name not found and no default driver specified : 
28-07-2016 15:15:46 : mDB : OpenCnn ErrNo : -2147467259 ErrDescript : [Microsoft][ODBC Driver Manager] Data source name not found and no default driver specified : 
28-07-2016 15:15:53 : mDB : OpenCnn ErrNo : -2147467259 ErrDescript : [Microsoft][ODBC Driver Manager] Data source name not found and no default driver specified : 
28-07-2016 15:15:53 : mDB : OpenCnn ErrNo : -2147467259 ErrDescript : [Microsoft][ODBC Driver Manager] Data source name not found and no default driver specified : 
28-07-2016 15:15:54 : mDB : OpenCnn ErrNo : -2147467259 ErrDescript : [Microsoft][ODBC Driver Manager] Data source name not found and no default driver specified : 
28-07-2016 15:15:54 : mDB : OpenCnn ErrNo : -2147467259 ErrDescript : [Microsoft][ODBC Driver Manager] Data source name not found and no default driver specified : 
28-07-2016 15:15:55 : mDB : OpenCnn ErrNo : -2147467259 ErrDescript : [Microsoft][ODBC Driver Manager] Data source name not found and no default driver specified : 
28-07-2016 15:15:55 : mDB : OpenCnn ErrNo : -2147467259 ErrDescript : [Microsoft][ODBC Driver Manager] Data source name not found and no default driver specified : 
28-07-2016 15:15:56 : mDB : OpenCnn ErrNo : -2147467259 ErrDescript : [Microsoft][ODBC Driver Manager] Data source name not found and no default driver specified : 
28-07-2016 15:15:56 : mDB : OpenCnn ErrNo : -2147467259 ErrDescript : [Microsoft][ODBC Driver Manager] Data source name not found and no default driver specified : 
28-07-2016 15:15:57 : mDB : OpenCnn ErrNo : -2147467259 ErrDescript : [Microsoft][ODBC Driver Manager] Data source name not found and no default driver specified : 
28-07-2016 15:15:57 : mDB : OpenCnn ErrNo : -2147467259 ErrDescript : [Microsoft][ODBC Driver Manager] Data source name not found and no default driver specified : 
28-07-2016 15:15:59 : mDB : OpenCnn ErrNo : -2147467259 ErrDescript : [Microsoft][ODBC Driver Manager] Data source name not found and no default driver specified : 
28-07-2016 15:15:59 : mDB : OpenCnn ErrNo : -2147467259 ErrDescript : [Microsoft][ODBC Driver Manager] Data source name not found and no default driver specified : 
28-07-2016 15:16:01 : mDB : OpenCnn ErrNo : -2147467259 ErrDescript : [Microsoft][ODBC Driver Manager] Data source name not found and no default driver specified : 
28-07-2016 15:16:01 : mDB : OpenCnn ErrNo : -2147467259 ErrDescript : [Microsoft][ODBC Driver Manager] Data source name not found and no default driver specified : 
29-07-2016 17:21:13 : ตรวจพบความผิดพลาด ที่ frmNew_Callpoint_Alert : เพิ่ม Lot Sensor Error  เลขที่ Err No : 53 รายละเอียดข้อผิดพลาด Err Descript : \image\ajax_loader_green_64.gif : 
